<?xml version="1.0" encoding="UTF-8"?>
<!-- Generated by org.testng.reporters.JUnitReportReporter -->
<testsuite skipped="0" hostname="LAPTOP-6NLTE343" name="FreeMarkerTest" tests="1" failures="0" timestamp="13 十二月 2024 09:09:47 GMT" time="0.135" errors="0">
  <testcase name="test" time="0.135" classname="FreeMarkerTest"/>
</testsuite> <!-- FreeMarkerTest -->
