<?xml version="1.0" encoding="UTF-8"?>
<!-- Generated by org.testng.reporters.JUnitReportReporter -->
<testsuite skipped="0" hostname="LAPTOP-6NLTE343" name="FreeMarkerTest" tests="1" failures="0" timestamp="23 一月 2025 03:43:14 GMT" time="0.139" errors="0">
  <testcase name="test" time="0.139" classname="FreeMarkerTest"/>
</testsuite> <!-- FreeMarkerTest -->
